<?xml version="1.0" encoding="UTF-8"?>
<!-- Generated by org.testng.reporters.JUnitXMLReporter -->
<testsuite hostname="ITLNB102" ignored="0" name="Default test" tests="3" failures="0" timestamp="19 Apr 2018 04:07:42 GMT" time="86.28" errors="0">
  <testcase name="verifyHomePageTitleTest" time="0.301" classname="com.crm.qa.testcases.HomePageTest"/>
  <testcase name="verfiyUserNameTest" time="0.68" classname="com.crm.qa.testcases.HomePageTest"/>
  <testcase name="verifyContactsLinkTest" time="2.605" classname="com.crm.qa.testcases.HomePageTest"/>
</testsuite> <!-- Default test -->
