<?xml version="1.0" encoding="UTF-8"?>
<testng-results skipped="0" failed="0" ignored="0" total="3" passed="3">
  <reporter-output>
  </reporter-output>
  <suite name="Default suite" duration-ms="86280" started-at="2018-04-19T04:06:16Z" finished-at="2018-04-19T04:07:42Z">
    <groups>
    </groups>
    <test name="Default test" duration-ms="86280" started-at="2018-04-19T04:06:16Z" finished-at="2018-04-19T04:07:42Z">
      <class name="com.crm.qa.testcases.HomePageTest">
        <test-method status="PASS" signature="setup()[pri:0, instance:com.crm.qa.testcases.HomePageTest@370736d9]" name="setup" is-config="true" duration-ms="29546" started-at="2018-04-19T09:36:16Z" finished-at="2018-04-19T09:36:46Z">
          <reporter-output>
          </reporter-output>
        </test-method> <!-- setup -->
        <test-method status="PASS" signature="verifyHomePageTitleTest()[pri:1, instance:com.crm.qa.testcases.HomePageTest@370736d9]" name="verifyHomePageTitleTest" duration-ms="301" started-at="2018-04-19T09:36:46Z" finished-at="2018-04-19T09:36:46Z">
          <reporter-output>
          </reporter-output>
        </test-method> <!-- verifyHomePageTitleTest -->
        <test-method status="PASS" signature="teardown()[pri:0, instance:com.crm.qa.testcases.HomePageTest@370736d9]" name="teardown" is-config="true" duration-ms="181" started-at="2018-04-19T09:36:46Z" finished-at="2018-04-19T09:36:46Z">
          <reporter-output>
          </reporter-output>
        </test-method> <!-- teardown -->
        <test-method status="PASS" signature="setup()[pri:0, instance:com.crm.qa.testcases.HomePageTest@370736d9]" name="setup" is-config="true" duration-ms="23918" started-at="2018-04-19T09:36:46Z" finished-at="2018-04-19T09:37:10Z">
          <reporter-output>
          </reporter-output>
        </test-method> <!-- setup -->
        <test-method status="PASS" signature="verfiyUserNameTest()[pri:2, instance:com.crm.qa.testcases.HomePageTest@370736d9]" name="verfiyUserNameTest" duration-ms="680" started-at="2018-04-19T09:37:10Z" finished-at="2018-04-19T09:37:11Z">
          <reporter-output>
          </reporter-output>
        </test-method> <!-- verfiyUserNameTest -->
        <test-method status="PASS" signature="teardown()[pri:0, instance:com.crm.qa.testcases.HomePageTest@370736d9]" name="teardown" is-config="true" duration-ms="226" started-at="2018-04-19T09:37:11Z" finished-at="2018-04-19T09:37:11Z">
          <reporter-output>
          </reporter-output>
        </test-method> <!-- teardown -->
        <test-method status="PASS" signature="setup()[pri:0, instance:com.crm.qa.testcases.HomePageTest@370736d9]" name="setup" is-config="true" duration-ms="28493" started-at="2018-04-19T09:37:11Z" finished-at="2018-04-19T09:37:40Z">
          <reporter-output>
          </reporter-output>
        </test-method> <!-- setup -->
        <test-method status="PASS" signature="verifyContactsLinkTest()[pri:3, instance:com.crm.qa.testcases.HomePageTest@370736d9]" name="verifyContactsLinkTest" duration-ms="2605" started-at="2018-04-19T09:37:40Z" finished-at="2018-04-19T09:37:42Z">
          <reporter-output>
          </reporter-output>
        </test-method> <!-- verifyContactsLinkTest -->
        <test-method status="PASS" signature="teardown()[pri:0, instance:com.crm.qa.testcases.HomePageTest@370736d9]" name="teardown" is-config="true" duration-ms="271" started-at="2018-04-19T09:37:42Z" finished-at="2018-04-19T09:37:42Z">
          <reporter-output>
          </reporter-output>
        </test-method> <!-- teardown -->
      </class> <!-- com.crm.qa.testcases.HomePageTest -->
    </test> <!-- Default test -->
  </suite> <!-- Default suite -->
</testng-results>
